2024-10-07 11:46:33,485 - __main__ - WARNING - Some discovery date columns are missing.
2024-10-07 11:46:33,485 - __main__ - WARNING - 'not_seen_days' column is missing.
2024-10-07 12:06:18,746 - __main__ - WARNING - Some discovery date columns are missing.
2024-10-07 12:06:18,746 - __main__ - WARNING - 'not_seen_days' column is missing.
2024-10-07 12:06:18,746 - __main__ - WARNING - 'RA' column is missing.
2024-10-07 12:06:18,746 - __main__ - WARNING - 'DEC' column is missing.
2024-10-07 12:07:17,055 - __main__ - ERROR - Request error: 500 Server Error: INTERNAL SERVER ERROR for url: https://data.minorplanetcenter.net/api/get-obs
2024-10-07 12:07:17,055 - __main__ - ERROR - Request error: 500 Server Error: INTERNAL SERVER ERROR for url: https://data.minorplanetcenter.net/api/get-obs
2024-10-07 12:15:46,461 - __main__ - WARNING - Some discovery date columns are missing.
2024-10-07 12:15:46,461 - __main__ - WARNING - 'not_seen_days' column is missing.
2024-10-07 12:43:15,460 - __main__ - WARNING - Some discovery date columns are missing.
2024-10-07 12:43:15,460 - __main__ - WARNING - 'not_seen_days' column is missing.
2024-10-07 12:56:56,622 - __main__ - WARNING - 'not_seen_days' column is missing.
2024-10-07 12:59:20,545 - __main__ - WARNING - 'not_seen_days' column is missing.
2024-10-07 13:01:08,803 - __main__ - WARNING - 'not_seen_days' column is missing.
2024-10-07 13:01:38,856 - __main__ - WARNING - 'not_seen_days' column is missing.
2024-10-07 13:02:55,982 - __main__ - WARNING - 'not_seen_days' column is missing.
2024-10-07 13:08:55,673 - __main__ - ERROR - Request error: 500 Server Error: INTERNAL SERVER ERROR for url: https://data.minorplanetcenter.net/api/get-obs-neocp
2024-10-07 13:08:55,673 - __main__ - ERROR - Request error: 500 Server Error: INTERNAL SERVER ERROR for url: https://data.minorplanetcenter.net/api/get-obs-neocp
2024-10-07 13:13:55,327 - __main__ - ERROR - Request error: 500 Server Error: INTERNAL SERVER ERROR for url: https://data.minorplanetcenter.net/api/get-obs-neocp
2024-10-07 13:13:55,327 - __main__ - ERROR - Request error: 500 Server Error: INTERNAL SERVER ERROR for url: https://data.minorplanetcenter.net/api/get-obs-neocp
2024-10-07 13:14:21,205 - __main__ - WARNING - 'not_seen_days' column is missing.
2024-10-07 13:17:55,661 - __main__ - ERROR - Request error: 500 Server Error: INTERNAL SERVER ERROR for url: https://data.minorplanetcenter.net/api/get-obs
2024-10-07 13:17:55,661 - __main__ - ERROR - Request error: 500 Server Error: INTERNAL SERVER ERROR for url: https://data.minorplanetcenter.net/api/get-obs
2024-10-07 13:18:26,951 - __main__ - ERROR - Request error: 500 Server Error: INTERNAL SERVER ERROR for url: https://data.minorplanetcenter.net/api/get-obs-neocp
2024-10-07 13:18:26,951 - __main__ - ERROR - Request error: 500 Server Error: INTERNAL SERVER ERROR for url: https://data.minorplanetcenter.net/api/get-obs-neocp
2024-10-07 13:18:42,553 - __main__ - WARNING - 'not_seen_days' column is missing.
2024-10-07 14:05:00,423 - __main__ - WARNING - 'not_seen_days' column is missing.
2024-10-07 14:30:49,353 - __main__ - WARNING - 'not_seen_days' column is missing.
2024-10-07 14:47:56,807 - __main__ - WARNING - 'not_seen_days' column is missing.
2024-10-07 14:55:38,283 - __main__ - WARNING - 'not_seen_days' column is missing.
2024-10-07 15:00:17,684 - __main__ - ERROR - Request error: 500 Server Error: INTERNAL SERVER ERROR for url: https://data.minorplanetcenter.net/api/get-obs-neocp
2024-10-07 15:00:17,685 - __main__ - ERROR - Request error: 500 Server Error: INTERNAL SERVER ERROR for url: https://data.minorplanetcenter.net/api/get-obs-neocp
2024-10-07 15:00:33,128 - __main__ - ERROR - Request error: 500 Server Error: INTERNAL SERVER ERROR for url: https://data.minorplanetcenter.net/api/get-obs-neocp
2024-10-07 15:00:33,129 - __main__ - ERROR - Request error: 500 Server Error: INTERNAL SERVER ERROR for url: https://data.minorplanetcenter.net/api/get-obs-neocp
2024-10-07 15:19:53,062 - __main__ - WARNING - 'not_seen_days' column is missing.
